{"contracts/libraries/Base64.sol":{"l":{"19":2,"20":2,"23":2,"26":2,"28":2,"30":2,"76":2},"path":"/Users/bennaylor/Development/Consensys Academy/blockchain-developer-bootcamp-final-project/contracts/libraries/Base64.sol","s":{"1":2,"2":2,"3":0,"4":2,"5":2,"6":2,"7":2},"b":{"1":[0,2]},"f":{"1":2},"fnMap":{"1":{"name":"encode","line":18,"loc":{"start":{"line":18,"column":4},"end":{"line":77,"column":4}}}},"statementMap":{"1":{"start":{"line":19,"column":8},"end":{"line":19,"column":33}},"2":{"start":{"line":20,"column":8},"end":{"line":20,"column":31}},"3":{"start":{"line":20,"column":22},"end":{"line":20,"column":31}},"4":{"start":{"line":23,"column":8},"end":{"line":23,"column":48}},"5":{"start":{"line":26,"column":8},"end":{"line":26,"column":56}},"6":{"start":{"line":28,"column":8},"end":{"line":28,"column":34}},"7":{"start":{"line":76,"column":8},"end":{"line":76,"column":29}}},"branchMap":{"1":{"line":20,"type":"if","locations":[{"start":{"line":20,"column":8},"end":{"line":20,"column":8}},{"start":{"line":20,"column":8},"end":{"line":20,"column":8}}]}}},"contracts/NftMinter.sol":{"l":{"34":3,"38":0,"42":0,"48":1,"50":1,"51":1,"55":1,"56":1,"57":1,"61":1,"62":1,"63":1,"64":1,"65":1,"66":1,"70":1,"71":1,"72":1,"76":4,"82":1,"85":1,"88":1,"89":1,"90":1,"91":1,"92":1,"95":1,"96":1,"97":1,"100":1,"113":1,"116":1,"119":1,"121":1,"123":1,"126":1,"129":1,"132":1,"133":1,"134":1},"path":"/Users/bennaylor/Development/Consensys Academy/blockchain-developer-bootcamp-final-project/contracts/NftMinter.sol","s":{"1":3,"2":0,"3":0,"4":1,"5":1,"6":1,"7":1,"8":1,"9":1,"10":1,"11":1,"12":1,"13":1,"14":1,"15":1,"16":1,"17":1,"18":1,"19":4,"20":1,"21":1,"22":1,"23":1,"24":1,"25":1,"26":1,"27":1,"28":1,"29":1,"30":1,"31":1,"32":1,"33":1,"34":1,"35":1,"36":1,"37":1,"38":1,"39":1,"40":1},"b":{"1":[1,0]},"f":{"1":3,"2":0,"3":0,"4":1,"5":1,"6":1,"7":1,"8":4,"9":1},"fnMap":{"1":{"name":"constructor","line":33,"loc":{"start":{"line":33,"column":4},"end":{"line":35,"column":4}}},"2":{"name":"getRemainingMints","line":37,"loc":{"start":{"line":37,"column":4},"end":{"line":39,"column":4}}},"3":{"name":"getTotalNFTsMintedSoFar","line":41,"loc":{"start":{"line":41,"column":4},"end":{"line":43,"column":4}}},"4":{"name":"pickRandomFirstWord","line":46,"loc":{"start":{"line":46,"column":4},"end":{"line":52,"column":4}}},"5":{"name":"pickRandomSecondWord","line":54,"loc":{"start":{"line":54,"column":4},"end":{"line":58,"column":4}}},"6":{"name":"pickRandomThirdWord","line":60,"loc":{"start":{"line":60,"column":4},"end":{"line":67,"column":4}}},"7":{"name":"pickRandomColor","line":69,"loc":{"start":{"line":69,"column":4},"end":{"line":73,"column":4}}},"8":{"name":"random","line":75,"loc":{"start":{"line":75,"column":4},"end":{"line":77,"column":4}}},"9":{"name":"mintNFT","line":79,"loc":{"start":{"line":79,"column":4},"end":{"line":135,"column":4}}}},"statementMap":{"1":{"start":{"line":34,"column":8},"end":{"line":34,"column":52}},"2":{"start":{"line":38,"column":8},"end":{"line":38,"column":45}},"3":{"start":{"line":42,"column":8},"end":{"line":42,"column":34}},"4":{"start":{"line":48,"column":8},"end":{"line":48,"column":96}},"5":{"start":{"line":50,"column":8},"end":{"line":50,"column":38}},"6":{"start":{"line":51,"column":8},"end":{"line":51,"column":31}},"7":{"start":{"line":55,"column":8},"end":{"line":55,"column":97}},"8":{"start":{"line":56,"column":8},"end":{"line":56,"column":39}},"9":{"start":{"line":57,"column":8},"end":{"line":57,"column":32}},"10":{"start":{"line":61,"column":8},"end":{"line":61,"column":102}},"11":{"start":{"line":62,"column":8},"end":{"line":62,"column":96}},"12":{"start":{"line":63,"column":8},"end":{"line":63,"column":54}},"13":{"start":{"line":64,"column":8},"end":{"line":64,"column":38}},"14":{"start":{"line":65,"column":8},"end":{"line":65,"column":54}},"15":{"start":{"line":66,"column":8},"end":{"line":66,"column":31}},"16":{"start":{"line":70,"column":8},"end":{"line":70,"column":91}},"17":{"start":{"line":71,"column":8},"end":{"line":71,"column":34}},"18":{"start":{"line":72,"column":8},"end":{"line":72,"column":27}},"19":{"start":{"line":76,"column":8},"end":{"line":76,"column":55}},"20":{"start":{"line":82,"column":8},"end":{"line":82,"column":75}},"21":{"start":{"line":85,"column":8},"end":{"line":85,"column":44}},"22":{"start":{"line":88,"column":8},"end":{"line":88,"column":60}},"23":{"start":{"line":89,"column":8},"end":{"line":89,"column":62}},"24":{"start":{"line":90,"column":8},"end":{"line":90,"column":60}},"25":{"start":{"line":91,"column":8},"end":{"line":91,"column":83}},"26":{"start":{"line":92,"column":8},"end":{"line":92,"column":50}},"27":{"start":{"line":95,"column":8},"end":{"line":95,"column":62}},"28":{"start":{"line":96,"column":8},"end":{"line":96,"column":125}},"29":{"start":{"line":97,"column":8},"end":{"line":97,"column":42}},"30":{"start":{"line":100,"column":8},"end":{"line":100,"column":4717}},"31":{"start":{"line":113,"column":8},"end":{"line":113,"column":49}},"32":{"start":{"line":116,"column":8},"end":{"line":116,"column":5397}},"33":{"start":{"line":119,"column":8},"end":{"line":119,"column":52}},"34":{"start":{"line":121,"column":8},"end":{"line":121,"column":44}},"35":{"start":{"line":123,"column":8},"end":{"line":123,"column":44}},"36":{"start":{"line":126,"column":8},"end":{"line":126,"column":39}},"37":{"start":{"line":129,"column":8},"end":{"line":129,"column":45}},"38":{"start":{"line":132,"column":8},"end":{"line":132,"column":28}},"39":{"start":{"line":133,"column":8},"end":{"line":133,"column":84}},"40":{"start":{"line":134,"column":8},"end":{"line":134,"column":52}}},"branchMap":{"1":{"line":82,"type":"if","locations":[{"start":{"line":82,"column":8},"end":{"line":82,"column":8}},{"start":{"line":82,"column":8},"end":{"line":82,"column":8}}]}}}}