{
"contracts/libraries/Base64.sol":{"l":{"14":30,"15":30,"18":30,"21":30,"23":30,"25":30,"71":30},"path":"/Users/bennaylor/Development/Consensys Academy/blockchain-developer-bootcamp-final-project/contracts/libraries/Base64.sol","s":{"1":30,"2":30,"3":0,"4":30,"5":30,"6":30,"7":30},"b":{"1":[0,30]},"f":{"1":30},"fnMap":{"1":{"name":"encode","line":13,"loc":{"start":{"line":13,"column":4},"end":{"line":72,"column":4}}}},"statementMap":{"1":{"start":{"line":14,"column":8},"end":{"line":14,"column":33}},"2":{"start":{"line":15,"column":8},"end":{"line":15,"column":31}},"3":{"start":{"line":15,"column":22},"end":{"line":15,"column":31}},"4":{"start":{"line":18,"column":8},"end":{"line":18,"column":48}},"5":{"start":{"line":21,"column":8},"end":{"line":21,"column":56}},"6":{"start":{"line":23,"column":8},"end":{"line":23,"column":34}},"7":{"start":{"line":71,"column":8},"end":{"line":71,"column":29}}},"branchMap":{"1":{"line":15,"type":"if","locations":[{"start":{"line":15,"column":8},"end":{"line":15,"column":8}},{"start":{"line":15,"column":8},"end":{"line":15,"column":8}}]}}},
"contracts/SurvivalKitClaim.sol":{"l":{"49":4,"50":4,"56":2,"62":2,"67":1,"72":1,"77":0,"82":0,"87":0,"88":0,"93":0,"94":0,"103":15,"105":15,"106":15,"113":15,"114":15,"115":15,"122":15,"123":15,"124":15,"131":15,"132":15,"133":15,"140":60,"145":0,"151":0,"160":45,"161":45,"162":15,"164":15,"166":15,"169":45,"177":17,"178":17,"181":15,"184":15,"185":15,"186":15,"189":15,"190":15,"196":15,"211":15,"216":15,"219":15,"222":15,"223":15,"228":20,"233":0},"path":"/Users/bennaylor/Development/Consensys Academy/blockchain-developer-bootcamp-final-project/contracts/SurvivalKitClaim.sol","s":{"1":4,"2":4,"3":2,"4":2,"5":1,"6":1,"7":0,"8":0,"9":0,"10":0,"11":0,"12":0,"13":15,"14":15,"15":15,"16":15,"17":15,"18":15,"19":15,"20":15,"21":15,"22":15,"23":15,"24":15,"25":60,"26":0,"27":0,"28":45,"29":45,"30":15,"31":30,"32":15,"33":15,"34":45,"35":17,"36":17,"37":15,"38":15,"39":15,"40":15,"41":15,"42":15,"43":15,"44":15,"45":15,"46":15,"47":15,"48":15,"49":20,"50":0},"b":{"1":[4,0],"2":[0,0],"3":[0,0],"4":[15,30],"5":[15,15],"6":[17,0],"7":[15,2]},"f":{"1":4,"2":2,"3":2,"4":1,"5":1,"6":0,"7":0,"8":0,"9":0,"10":15,"11":15,"12":15,"13":15,"14":60,"15":0,"16":0,"17":45,"18":17,"19":20,"20":0},"fnMap":{"1":{"name":"constructor","line":48,"loc":{"start":{"line":48,"column":4},"end":{"line":51,"column":4}}},"2":{"name":"pause","line":55,"loc":{"start":{"line":55,"column":4},"end":{"line":57,"column":4}}},"3":{"name":"unpause","line":61,"loc":{"start":{"line":61,"column":4},"end":{"line":63,"column":4}}},"4":{"name":"getSupplyCap","line":66,"loc":{"start":{"line":66,"column":4},"end":{"line":68,"column":4}}},"5":{"name":"getRemainingMints","line":71,"loc":{"start":{"line":71,"column":4},"end":{"line":73,"column":4}}},"6":{"name":"getTotalNFTsMintedSoFar","line":76,"loc":{"start":{"line":76,"column":4},"end":{"line":78,"column":4}}},"7":{"name":"balanceOfContract","line":81,"loc":{"start":{"line":81,"column":4},"end":{"line":83,"column":4}}},"8":{"name":"withdrawAllFunds","line":86,"loc":{"start":{"line":86,"column":4},"end":{"line":89,"column":4}}},"9":{"name":"withdrawFunds","line":92,"loc":{"start":{"line":92,"column":4},"end":{"line":95,"column":4}}},"10":{"name":"pickRandomWeapon","line":101,"loc":{"start":{"line":101,"column":4},"end":{"line":107,"column":4}}},"11":{"name":"pickRandomTransport","line":112,"loc":{"start":{"line":112,"column":4},"end":{"line":116,"column":4}}},"12":{"name":"pickRandomItem","line":121,"loc":{"start":{"line":121,"column":4},"end":{"line":125,"column":4}}},"13":{"name":"pickRandomBackgroundColour","line":130,"loc":{"start":{"line":130,"column":4},"end":{"line":134,"column":4}}},"14":{"name":"random","line":139,"loc":{"start":{"line":139,"column":4},"end":{"line":141,"column":4}}},"15":{"name":"_burn","line":144,"loc":{"start":{"line":144,"column":4},"end":{"line":146,"column":4}}},"16":{"name":"tokenURI","line":150,"loc":{"start":{"line":150,"column":4},"end":{"line":152,"column":4}}},"17":{"name":"createItem","line":159,"loc":{"start":{"line":159,"column":4},"end":{"line":170,"column":4}}},"18":{"name":"mintNFT","line":176,"loc":{"start":{"line":176,"column":4},"end":{"line":224,"column":4}}},"19":{"name":"_beforeTokenTransfer","line":227,"loc":{"start":{"line":227,"column":4},"end":{"line":229,"column":4}}},"20":{"name":"supportsInterface","line":232,"loc":{"start":{"line":232,"column":4},"end":{"line":234,"column":4}}}},"statementMap":{"1":{"start":{"line":49,"column":8},"end":{"line":49,"column":66}},"2":{"start":{"line":50,"column":8},"end":{"line":50,"column":29}},"3":{"start":{"line":56,"column":8},"end":{"line":56,"column":15}},"4":{"start":{"line":62,"column":8},"end":{"line":62,"column":17}},"5":{"start":{"line":67,"column":8},"end":{"line":67,"column":24}},"6":{"start":{"line":72,"column":8},"end":{"line":72,"column":46}},"7":{"start":{"line":77,"column":8},"end":{"line":77,"column":34}},"8":{"start":{"line":82,"column":8},"end":{"line":82,"column":36}},"9":{"start":{"line":87,"column":8},"end":{"line":87,"column":73}},"10":{"start":{"line":88,"column":8},"end":{"line":88,"column":44}},"11":{"start":{"line":93,"column":8},"end":{"line":93,"column":58}},"12":{"start":{"line":94,"column":8},"end":{"line":94,"column":44}},"13":{"start":{"line":103,"column":8},"end":{"line":103,"column":92}},"14":{"start":{"line":105,"column":8},"end":{"line":105,"column":34}},"15":{"start":{"line":106,"column":8},"end":{"line":106,"column":27}},"16":{"start":{"line":113,"column":8},"end":{"line":113,"column":95}},"17":{"start":{"line":114,"column":8},"end":{"line":114,"column":37}},"18":{"start":{"line":115,"column":8},"end":{"line":115,"column":30}},"19":{"start":{"line":122,"column":8},"end":{"line":122,"column":96}},"20":{"start":{"line":123,"column":8},"end":{"line":123,"column":32}},"21":{"start":{"line":124,"column":8},"end":{"line":124,"column":25}},"22":{"start":{"line":131,"column":8},"end":{"line":131,"column":92}},"23":{"start":{"line":132,"column":8},"end":{"line":132,"column":34}},"24":{"start":{"line":133,"column":8},"end":{"line":133,"column":27}},"25":{"start":{"line":140,"column":8},"end":{"line":140,"column":55}},"26":{"start":{"line":145,"column":8},"end":{"line":145,"column":27}},"27":{"start":{"line":151,"column":8},"end":{"line":151,"column":38}},"28":{"start":{"line":160,"column":8},"end":{"line":160,"column":30}},"29":{"start":{"line":161,"column":8},"end":{"line":161,"column":8057}},"30":{"start":{"line":162,"column":12},"end":{"line":162,"column":27}},"31":{"start":{"line":163,"column":15},"end":{"line":163,"column":8124}},"32":{"start":{"line":164,"column":12},"end":{"line":164,"column":27}},"33":{"start":{"line":166,"column":12},"end":{"line":166,"column":27}},"34":{"start":{"line":169,"column":8},"end":{"line":169,"column":161}},"35":{"start":{"line":177,"column":8},"end":{"line":177,"column":82}},"36":{"start":{"line":178,"column":8},"end":{"line":178,"column":83}},"37":{"start":{"line":181,"column":8},"end":{"line":181,"column":44}},"38":{"start":{"line":184,"column":8},"end":{"line":184,"column":66}},"39":{"start":{"line":185,"column":8},"end":{"line":185,"column":72}},"40":{"start":{"line":186,"column":8},"end":{"line":186,"column":62}},"41":{"start":{"line":189,"column":8},"end":{"line":189,"column":73}},"42":{"start":{"line":190,"column":8},"end":{"line":190,"column":9636}},"43":{"start":{"line":196,"column":8},"end":{"line":196,"column":9930}},"44":{"start":{"line":211,"column":8},"end":{"line":211,"column":10546}},"45":{"start":{"line":216,"column":8},"end":{"line":216,"column":39}},"46":{"start":{"line":219,"column":8},"end":{"line":219,"column":45}},"47":{"start":{"line":222,"column":8},"end":{"line":222,"column":28}},"48":{"start":{"line":223,"column":8},"end":{"line":223,"column":57}},"49":{"start":{"line":228,"column":8},"end":{"line":228,"column":52}},"50":{"start":{"line":233,"column":8},"end":{"line":233,"column":51}}},"branchMap":{"1":{"line":49,"type":"if","locations":[{"start":{"line":49,"column":8},"end":{"line":49,"column":8}},{"start":{"line":49,"column":8},"end":{"line":49,"column":8}}]},"2":{"line":88,"type":"if","locations":[{"start":{"line":88,"column":8},"end":{"line":88,"column":8}},{"start":{"line":88,"column":8},"end":{"line":88,"column":8}}]},"3":{"line":94,"type":"if","locations":[{"start":{"line":94,"column":8},"end":{"line":94,"column":8}},{"start":{"line":94,"column":8},"end":{"line":94,"column":8}}]},"4":{"line":161,"type":"if","locations":[{"start":{"line":161,"column":8},"end":{"line":161,"column":8}},{"start":{"line":161,"column":8},"end":{"line":161,"column":8}}]},"5":{"line":163,"type":"if","locations":[{"start":{"line":163,"column":15},"end":{"line":163,"column":15}},{"start":{"line":163,"column":15},"end":{"line":163,"column":15}}]},"6":{"line":177,"type":"if","locations":[{"start":{"line":177,"column":8},"end":{"line":177,"column":8}},{"start":{"line":177,"column":8},"end":{"line":177,"column":8}}]},"7":{"line":178,"type":"if","locations":[{"start":{"line":178,"column":8},"end":{"line":178,"column":8}},{"start":{"line":178,"column":8},"end":{"line":178,"column":8}}]}}}}
