{
"contracts/libraries/Base64.sol":{"l":{"19":0,"20":0,"23":0,"26":0,"28":0,"30":0,"76":0},"path":"/Users/bennaylor/Development/Consensys Academy/blockchain-developer-bootcamp-final-project/contracts/libraries/Base64.sol","s":{"1":0,"2":0,"3":0,"4":0,"5":0,"6":0,"7":0},"b":{"1":[0,0]},"f":{"1":0},"fnMap":{"1":{"name":"encode","line":18,"loc":{"start":{"line":18,"column":4},"end":{"line":77,"column":4}}}},"statementMap":{"1":{"start":{"line":19,"column":8},"end":{"line":19,"column":33}},"2":{"start":{"line":20,"column":8},"end":{"line":20,"column":31}},"3":{"start":{"line":20,"column":22},"end":{"line":20,"column":31}},"4":{"start":{"line":23,"column":8},"end":{"line":23,"column":48}},"5":{"start":{"line":26,"column":8},"end":{"line":26,"column":56}},"6":{"start":{"line":28,"column":8},"end":{"line":28,"column":34}},"7":{"start":{"line":76,"column":8},"end":{"line":76,"column":29}}},"branchMap":{"1":{"line":20,"type":"if","locations":[{"start":{"line":20,"column":8},"end":{"line":20,"column":8}},{"start":{"line":20,"column":8},"end":{"line":20,"column":8}}]}}},
"contracts/NftMinter.sol":{"l":{"32":3,"38":0,"40":0,"41":0,"45":0,"46":0,"47":0,"51":0,"52":0,"53":0,"54":0,"55":0,"56":0,"60":0,"61":0,"62":0,"66":0,"70":0,"76":0,"79":0,"82":0,"83":0,"84":0,"85":0,"86":0,"89":0,"90":0,"91":0,"94":0,"107":0,"110":0,"113":0,"115":0,"117":0,"120":0,"123":0,"126":0,"127":0,"128":0},"path":"/Users/bennaylor/Development/Consensys Academy/blockchain-developer-bootcamp-final-project/contracts/NftMinter.sol","s":{"1":3,"2":0,"3":0,"4":0,"5":0,"6":0,"7":0,"8":0,"9":0,"10":0,"11":0,"12":0,"13":0,"14":0,"15":0,"16":0,"17":0,"18":0,"19":0,"20":0,"21":0,"22":0,"23":0,"24":0,"25":0,"26":0,"27":0,"28":0,"29":0,"30":0,"31":0,"32":0,"33":0,"34":0,"35":0,"36":0,"37":0,"38":0,"39":0},"b":{"1":[0,0]},"f":{"1":3,"2":0,"3":0,"4":0,"5":0,"6":0,"7":0,"8":0},"fnMap":{"1":{"name":"constructor","line":31,"loc":{"start":{"line":31,"column":4},"end":{"line":33,"column":4}}},"2":{"name":"pickRandomFirstWord","line":36,"loc":{"start":{"line":36,"column":4},"end":{"line":42,"column":4}}},"3":{"name":"pickRandomSecondWord","line":44,"loc":{"start":{"line":44,"column":4},"end":{"line":48,"column":4}}},"4":{"name":"pickRandomThirdWord","line":50,"loc":{"start":{"line":50,"column":4},"end":{"line":57,"column":4}}},"5":{"name":"pickRandomColor","line":59,"loc":{"start":{"line":59,"column":4},"end":{"line":63,"column":4}}},"6":{"name":"random","line":65,"loc":{"start":{"line":65,"column":4},"end":{"line":67,"column":4}}},"7":{"name":"getTotalNFTsMintedSoFar","line":69,"loc":{"start":{"line":69,"column":4},"end":{"line":71,"column":4}}},"8":{"name":"mintNFT","line":73,"loc":{"start":{"line":73,"column":4},"end":{"line":129,"column":4}}}},"statementMap":{"1":{"start":{"line":32,"column":8},"end":{"line":32,"column":52}},"2":{"start":{"line":38,"column":8},"end":{"line":38,"column":96}},"3":{"start":{"line":40,"column":8},"end":{"line":40,"column":38}},"4":{"start":{"line":41,"column":8},"end":{"line":41,"column":31}},"5":{"start":{"line":45,"column":8},"end":{"line":45,"column":97}},"6":{"start":{"line":46,"column":8},"end":{"line":46,"column":39}},"7":{"start":{"line":47,"column":8},"end":{"line":47,"column":32}},"8":{"start":{"line":51,"column":8},"end":{"line":51,"column":102}},"9":{"start":{"line":52,"column":8},"end":{"line":52,"column":96}},"10":{"start":{"line":53,"column":8},"end":{"line":53,"column":54}},"11":{"start":{"line":54,"column":8},"end":{"line":54,"column":38}},"12":{"start":{"line":55,"column":8},"end":{"line":55,"column":54}},"13":{"start":{"line":56,"column":8},"end":{"line":56,"column":31}},"14":{"start":{"line":60,"column":8},"end":{"line":60,"column":91}},"15":{"start":{"line":61,"column":8},"end":{"line":61,"column":34}},"16":{"start":{"line":62,"column":8},"end":{"line":62,"column":27}},"17":{"start":{"line":66,"column":8},"end":{"line":66,"column":55}},"18":{"start":{"line":70,"column":8},"end":{"line":70,"column":34}},"19":{"start":{"line":76,"column":8},"end":{"line":76,"column":75}},"20":{"start":{"line":79,"column":8},"end":{"line":79,"column":44}},"21":{"start":{"line":82,"column":8},"end":{"line":82,"column":60}},"22":{"start":{"line":83,"column":8},"end":{"line":83,"column":62}},"23":{"start":{"line":84,"column":8},"end":{"line":84,"column":60}},"24":{"start":{"line":85,"column":8},"end":{"line":85,"column":83}},"25":{"start":{"line":86,"column":8},"end":{"line":86,"column":50}},"26":{"start":{"line":89,"column":8},"end":{"line":89,"column":62}},"27":{"start":{"line":90,"column":8},"end":{"line":90,"column":125}},"28":{"start":{"line":91,"column":8},"end":{"line":91,"column":42}},"29":{"start":{"line":94,"column":8},"end":{"line":94,"column":4570}},"30":{"start":{"line":107,"column":8},"end":{"line":107,"column":49}},"31":{"start":{"line":110,"column":8},"end":{"line":110,"column":5250}},"32":{"start":{"line":113,"column":8},"end":{"line":113,"column":52}},"33":{"start":{"line":115,"column":8},"end":{"line":115,"column":44}},"34":{"start":{"line":117,"column":8},"end":{"line":117,"column":44}},"35":{"start":{"line":120,"column":8},"end":{"line":120,"column":39}},"36":{"start":{"line":123,"column":8},"end":{"line":123,"column":45}},"37":{"start":{"line":126,"column":8},"end":{"line":126,"column":28}},"38":{"start":{"line":127,"column":8},"end":{"line":127,"column":84}},"39":{"start":{"line":128,"column":8},"end":{"line":128,"column":52}}},"branchMap":{"1":{"line":76,"type":"if","locations":[{"start":{"line":76,"column":8},"end":{"line":76,"column":8}},{"start":{"line":76,"column":8},"end":{"line":76,"column":8}}]}}}}
