TN:
SF:/Users/bennaylor/Development/Consensys Academy/blockchain-developer-bootcamp-final-project/contracts/libraries/Base64.sol
FN:18,encode
FNF:1
FNH:0
FNDA:0,encode
DA:19,0
DA:20,0
DA:23,0
DA:26,0
DA:28,0
DA:30,0
DA:76,0
LF:7
LH:0
BRDA:20,1,0,0
BRDA:20,1,1,0
BRF:2
BRH:0
end_of_record
TN:
SF:/Users/bennaylor/Development/Consensys Academy/blockchain-developer-bootcamp-final-project/contracts/NftMinter.sol
FN:31,constructor
FN:36,pickRandomFirstWord
FN:44,pickRandomSecondWord
FN:50,pickRandomThirdWord
FN:59,pickRandomColor
FN:65,random
FN:69,getTotalNFTsMintedSoFar
FN:73,mintNFT
FNF:8
FNH:1
FNDA:3,constructor
FNDA:0,pickRandomFirstWord
FNDA:0,pickRandomSecondWord
FNDA:0,pickRandomThirdWord
FNDA:0,pickRandomColor
FNDA:0,random
FNDA:0,getTotalNFTsMintedSoFar
FNDA:0,mintNFT
DA:32,3
DA:38,0
DA:40,0
DA:41,0
DA:45,0
DA:46,0
DA:47,0
DA:51,0
DA:52,0
DA:53,0
DA:54,0
DA:55,0
DA:56,0
DA:60,0
DA:61,0
DA:62,0
DA:66,0
DA:70,0
DA:76,0
DA:79,0
DA:82,0
DA:83,0
DA:84,0
DA:85,0
DA:86,0
DA:89,0
DA:90,0
DA:91,0
DA:94,0
DA:107,0
DA:110,0
DA:113,0
DA:115,0
DA:117,0
DA:120,0
DA:123,0
DA:126,0
DA:127,0
DA:128,0
LF:39
LH:1
BRDA:76,1,0,0
BRDA:76,1,1,0
BRF:2
BRH:0
end_of_record
