TN:
SF:/Users/bennaylor/Development/Consensys Academy/blockchain-developer-bootcamp-final-project/contracts/libraries/Base64.sol
FN:18,encode
FNF:1
FNH:1
FNDA:2,encode
DA:19,2
DA:20,2
DA:23,2
DA:26,2
DA:28,2
DA:30,2
DA:76,2
LF:7
LH:7
BRDA:20,1,0,0
BRDA:20,1,1,2
BRF:2
BRH:1
end_of_record
TN:
SF:/Users/bennaylor/Development/Consensys Academy/blockchain-developer-bootcamp-final-project/contracts/SurvivalKitClaim.sol
FN:33,constructor
FN:37,getRemainingMints
FN:41,getTotalNFTsMintedSoFar
FN:46,pickRandomFirstWord
FN:54,pickRandomSecondWord
FN:60,pickRandomThirdWord
FN:69,pickRandomColor
FN:75,random
FN:79,mintNFT
FNF:9
FNH:7
FNDA:3,constructor
FNDA:0,getRemainingMints
FNDA:0,getTotalNFTsMintedSoFar
FNDA:1,pickRandomFirstWord
FNDA:1,pickRandomSecondWord
FNDA:1,pickRandomThirdWord
FNDA:1,pickRandomColor
FNDA:4,random
FNDA:1,mintNFT
DA:34,3
DA:38,0
DA:42,0
DA:48,1
DA:50,1
DA:51,1
DA:55,1
DA:56,1
DA:57,1
DA:61,1
DA:62,1
DA:63,1
DA:64,1
DA:65,1
DA:66,1
DA:70,1
DA:71,1
DA:72,1
DA:76,4
DA:82,1
DA:85,1
DA:88,1
DA:89,1
DA:90,1
DA:91,1
DA:92,1
DA:95,1
DA:96,1
DA:97,1
DA:100,1
DA:113,1
DA:116,1
DA:119,1
DA:121,1
DA:123,1
DA:126,1
DA:129,1
DA:132,1
DA:133,1
DA:134,1
LF:40
LH:38
BRDA:82,1,0,1
BRDA:82,1,1,0
BRF:2
BRH:1
end_of_record
